<?xml version="1.0" encoding="UTF-8"?>
<!-- Generated by org.testng.reporters.JUnitReportReporter -->
<testsuite hostname="Manishs-MBP.fios-router.home" failures="0" tests="1" name="tests.PurchaseFlow" time="15.553" errors="0" timestamp="2020-05-11T16:29:03 EDT" skipped="0">
  <testcase classname="tests.PurchaseFlow" name="productSelection" time="15.553"/>
  <system-out/>
</testsuite> <!-- tests.PurchaseFlow -->
