<?xml version="1.0" encoding="UTF-8"?>
<!-- Generated by org.testng.reporters.JUnitReportReporter -->
<testsuite hostname="Manishs-MBP.fios-router.home" failures="0" tests="1" name="BookHotel.Travelphp.SelectProuct" time="12.960" errors="0" timestamp="2020-05-09T09:31:45 EDT" skipped="0">
  <testcase classname="BookHotel.Travelphp.SelectProuct" name="productSelection" time="12.960"/>
  <system-out/>
</testsuite> <!-- BookHotel.Travelphp.SelectProuct -->
