<?xml version="1.0" encoding="UTF-8"?>
<!-- Generated by org.testng.reporters.JUnitReportReporter -->
<testsuite hostname="Manishs-MBP.fios-router.home" failures="0" tests="1" name="BookHotel.Travelphp.HomePage" time="8.114" errors="0" timestamp="2020-05-09T00:23:41 EDT" skipped="0">
  <testcase classname="BookHotel.Travelphp.HomePage" name="homepage" time="8.114"/>
  <system-out/>
</testsuite> <!-- BookHotel.Travelphp.HomePage -->
