<?xml version="1.0" encoding="UTF-8"?>
<!-- Generated by org.testng.reporters.JUnitReportReporter -->
<testsuite hostname="Manishs-MBP.fios-router.home" failures="0" tests="1" name="tests.HomePage" time="2.660" errors="0" timestamp="2020-05-11T22:27:14 EDT" skipped="0">
  <testcase classname="tests.HomePage" name="homepagelogin" time="2.660"/>
  <system-out/>
</testsuite> <!-- tests.HomePage -->
